<?xml version="1.0" encoding="utf-8"?><testsuites name="pytest tests"><testsuite name="pytest" errors="0" failures="2" skipped="0" tests="5" time="1.279" timestamp="2026-08-22T15:03:10.360648+00:00" hostname="agent-env-7c795691-b851-45f3-b201-cab486180a95"><testcase classname="tests.test_brand_memory_api" name="test_workspace_and_seeded_campaigns" time="0.181" /><testcase classname="tests.test_brand_memory_api" name="test_recommendations_are_ranked_and_include_evidence" time="0.154" /><testcase classname="tests.test_brand_memory_api" name="test_no_evidence_brief_is_honest" time="0.041"><failure message="assert 2 == 0">backend/tests/test_brand_memory_api.py:47: in test_no_evidence_brief_is_honest
    assert data["evidence_count"] == 0
E   assert 2 == 0</failure></testcase><testcase classname="tests.test_brand_memory_api" name="test_blueprint_hard_rule_blocks_and_valid_export" time="0.046"><failure message="AssertionError: assert 'prohibited claim' in 'Blueprint blocked by brand rule: guaranteed energy'">backend/tests/test_brand_memory_api.py:56: in test_blueprint_hard_rule_blocks_and_valid_export
    assert "prohibited claim" in blocked.json()["detail"]
E   AssertionError: assert 'prohibited claim' in 'Blueprint blocked by brand rule: guaranteed energy'</failure></testcase><testcase classname="tests.test_brand_memory_api" name="test_rules_update_and_outcome_persists" time="0.242" /></testsuite></testsuites>