<?xml version="1.0" encoding="utf-8"?><testsuites name="pytest tests"><testsuite name="pytest" errors="0" failures="0" skipped="0" tests="26" time="37.404" timestamp="2026-08-22T15:58:10.440065+00:00" hostname="agent-env-7c795691-b851-45f3-b201-cab486180a95"><testcase classname="tests.backend_test.TestIsolation" name="test_other_session_cannot_read_brand" time="0.578" /><testcase classname="tests.backend_test.TestIsolation" name="test_other_session_cannot_read_dashboard" time="0.034" /><testcase classname="tests.backend_test.TestIsolation" name="test_other_session_cannot_create_brand_in_org" time="0.073" /><testcase classname="tests.backend_test.TestIsolation" name="test_other_session_cannot_list_campaigns" time="0.054" /><testcase classname="tests.backend_test.TestIsolation" name="test_demo_readable_by_any_session" time="0.124" /><testcase classname="tests.backend_test.TestIsolation" name="test_unknown_brand_404" time="0.031" /><testcase classname="tests.backend_test.TestSessionAndOnboarding" name="test_session_returns_owned_orgs" time="0.079" /><testcase classname="tests.backend_test.TestSessionAndOnboarding" name="test_no_cookie_protected_route_401" time="0.069" /><testcase classname="tests.backend_test.TestSessionAndOnboarding" name="test_brand_persisted_with_guidelines" time="0.100" /><testcase classname="tests.backend_test.TestSessionAndOnboarding" name="test_onboarding_step_validation" time="0.063" /><testcase classname="tests.backend_test.TestSessionAndOnboarding" name="test_org_name_validation" time="0.072" /><testcase classname="tests.backend_test.TestRetrievalAndRules" name="test_brief_validation" time="0.031" /><testcase classname="tests.backend_test.TestRetrievalAndRules" name="test_matching_brief_returns_cited_evidence" time="13.503" /><testcase classname="tests.backend_test.TestIngestion" name="test_unsupported_file_type_rejected" time="11.395" /><testcase classname="tests.backend_test.TestIngestion" name="test_upload_html_processes_to_ready" time="4.494" /><testcase classname="tests.backend_test.TestRetrievalAndRules" name="test_no_evidence_brief_returns_empty" time="0.097" /><testcase classname="tests.backend_test.TestRetrievalAndRules" name="test_prohibited_claim_blocks" time="5.119" /><testcase classname="tests.backend_test.TestIngestion" name="test_campaign_appears_in_list_and_dashboard" time="0.086" /><testcase classname="tests.backend_test.TestIngestion" name="test_outcome_recording_updates_campaign" time="0.159" /><testcase classname="tests.backend_test.TestIngestion" name="test_outcome_validation_rejects_out_of_range" time="0.035" /><testcase classname="tests.backend_test.TestIngestion" name="test_campaign_file_retrievable" time="0.355" /><testcase classname="tests.backend_test.TestRetrievalAndRules" name="test_semantic_not_substring" time="5.144" /><testcase classname="tests.backend_test.TestBlueprint" name="test_export_valid" time="5.948" /><testcase classname="tests.backend_test.TestBlueprint" name="test_export_blocked_by_rule_409" time="5.147" /><testcase classname="tests.backend_test.TestBlueprint" name="test_export_no_evidence_422" time="0.221" /><testcase classname="tests.backend_test.TestBlueprint" name="test_blueprint_isolation" time="0.073" /></testsuite></testsuites>