<?xml version="1.0" encoding="utf-8"?><testsuites name="pytest tests"><testsuite name="pytest" errors="0" failures="1" skipped="0" tests="5" time="1.298" timestamp="2026-08-22T15:07:05.181562+00:00" hostname="agent-env-7c795691-b851-45f3-b201-cab486180a95"><testcase classname="tests.test_brand_memory_api" name="test_workspace_and_seeded_campaigns" time="0.189" /><testcase classname="tests.test_brand_memory_api" name="test_recommendations_are_ranked_and_include_evidence" time="0.040"><failure message="assert False&#10; +  where False = any(&lt;generator object test_recommendations_are_ranked_and_include_evidence.&lt;locals&gt;.&lt;genexpr&gt; at 0xfe4171ba9700&gt;)">backend/tests/test_brand_memory_api.py:38: in test_recommendations_are_ranked_and_include_evidence
    assert any(r["status"] == "limited" for r in recs)
E   assert False
E    +  where False = any(&lt;generator object test_recommendations_are_ranked_and_include_evidence.&lt;locals&gt;.&lt;genexpr&gt; at 0xfe4171ba9700&gt;)</failure></testcase><testcase classname="tests.test_brand_memory_api" name="test_no_evidence_brief_is_honest" time="0.038" /><testcase classname="tests.test_brand_memory_api" name="test_blueprint_hard_rule_blocks_and_valid_export" time="0.183" /><testcase classname="tests.test_brand_memory_api" name="test_rules_update_and_outcome_persists" time="0.277" /></testsuite></testsuites>